<?xml version="1.0" encoding="UTF-8"?>
<robot generator="Robot 7.0 (Python 3.12.2 on win32)" generated="2024-04-12T14:03:18.604289" rpa="false" schemaversion="5">
<suite id="s1" name="RobotFrameworkProject01" source="C:\Users\Dario\PycharmProjects\RobotFrameworkProject01">
<suite id="s1-s1" name="Automation" source="C:\Users\Dario\PycharmProjects\RobotFrameworkProject01\Automation">
<suite id="s1-s1-s1" name="Sekcja501" source="C:\Users\Dario\PycharmProjects\RobotFrameworkProject01\Automation\sekcja501.robot">
<test id="s1-s1-s1-t1" name="MyTestCase1" line="17">
<kw name="Open Browser" owner="SeleniumLibrary">
<msg time="2024-04-12T14:03:18.843597" level="INFO">Opening browser 'Chrome' to base url 'http://demo.automationtesting.in/Register.html'.</msg>
<arg>${url}</arg>
<arg>Chrome</arg>
<arg>executable_path=${chromedriver_path}</arg>
<doc>Opens a new browser instance to the optional ``url``.</doc>
<status status="PASS" start="2024-04-12T14:03:18.842596" elapsed="4.947692"/>
</kw>
<kw name="Wylosuj Date Wypisz Argument" owner="MyLibrary">
<msg time="2024-04-12T14:03:23.792286" level="INFO">PONIEDZIALEK
Moj wylosowany rok:  1993</msg>
<arg>poniedzialek</arg>
<status status="PASS" start="2024-04-12T14:03:23.791283" elapsed="0.001003"/>
</kw>
<kw name="Set Test Message" owner="BuiltIn">
<msg time="2024-04-12T14:03:23.793293" level="INFO">Set test message to:
TestCase 1</msg>
<arg>TestCase 1</arg>
<doc>Sets message for the current test case.</doc>
<status status="PASS" start="2024-04-12T14:03:23.792286" elapsed="0.001007"/>
</kw>
<doc>Moja dokumentacja TestCase1</doc>
<tag>group 1</tag>
<tag>tag 1</tag>
<status status="PASS" start="2024-04-12T14:03:18.840597" elapsed="4.952696">TestCase 1</status>
</test>
<status status="PASS" start="2024-04-12T14:03:18.632288" elapsed="5.161993"/>
</suite>
<status status="PASS" start="2024-04-12T14:03:18.631288" elapsed="5.163994"/>
</suite>
<status status="PASS" start="2024-04-12T14:03:18.615288" elapsed="5.180993"/>
</suite>
<statistics>
<total>
<stat pass="1" fail="0" skip="0">All Tests</stat>
</total>
<tag>
<stat pass="1" fail="0" skip="0">group 1</stat>
<stat pass="1" fail="0" skip="0">tag 1</stat>
</tag>
<suite>
<stat pass="1" fail="0" skip="0" id="s1" name="RobotFrameworkProject01">RobotFrameworkProject01</stat>
<stat pass="1" fail="0" skip="0" id="s1-s1" name="Automation">RobotFrameworkProject01.Automation</stat>
<stat pass="1" fail="0" skip="0" id="s1-s1-s1" name="Sekcja501">RobotFrameworkProject01.Automation.Sekcja501</stat>
</suite>
</statistics>
<errors>
<msg time="2024-04-12T14:03:18.596288" level="WARN">Error in file 'C:\Users\Dario\PycharmProjects\RobotFrameworkProject01\my_keywords\empik_keywords.robot' on line 21: The '[Return]' setting is deprecated. Use the 'RETURN' statement instead.</msg>
</errors>
</robot>
